<?xml version="1.0" encoding="UTF-8"?>
<!-- Generated by org.testng.reporters.JUnitReportReporter -->
<testsuite hostname="ashok" failures="0" tests="1" name="testCases.TC001_AccountRegistrationTest1" time="2.043" errors="0" timestamp="2024-12-19T13:09:53 IST" skipped="0">
  <testcase classname="testCases.TC001_AccountRegistrationTest1" name="accountregestrationtest" time="2.043"/>
</testsuite> <!-- testCases.TC001_AccountRegistrationTest1 -->
