<?xml version="1.0" encoding="UTF-8"?>
<!-- Generated by org.testng.reporters.JUnitReportReporter -->
<testsuite hostname="ashok" failures="0" tests="1" name="testCases.TC001_AccountRegistrationTest" time="1.999" errors="0" timestamp="2024-09-24T15:17:44 IST" skipped="0">
  <testcase classname="testCases.TC001_AccountRegistrationTest" name="accountregestrationtest" time="1.999"/>
</testsuite> <!-- testCases.TC001_AccountRegistrationTest -->
