<?xml version="1.0" encoding="UTF-8"?>
<!-- Generated by org.testng.reporters.JUnitReportReporter -->
<testsuite hostname="ashok" failures="0" tests="6" name="testCases.TC003_LoginDDT" time="88.721" errors="0" timestamp="2024-12-19T13:09:53 IST" skipped="0">
  <testcase classname="testCases.TC003_LoginDDT" name="verifylogindata" time="21.107"/>
  <testcase classname="testCases.TC003_LoginDDT" name="verifylogindata" time="1.616"/>
  <testcase classname="testCases.TC003_LoginDDT" name="verifylogindata" time="2.129"/>
  <testcase classname="testCases.TC003_LoginDDT" name="verifylogindata" time="21.263"/>
  <testcase classname="testCases.TC003_LoginDDT" name="verifylogindata" time="21.200"/>
  <testcase classname="testCases.TC003_LoginDDT" name="verifylogindata" time="21.406"/>
</testsuite> <!-- testCases.TC003_LoginDDT -->
