<?xml version="1.0" encoding="UTF-8"?>
<!-- Generated by org.testng.reporters.JUnitReportReporter -->
<testsuite hostname="ashok" failures="0" tests="1" name="testCases.TC002_LoginTest" time="4.934" errors="0" timestamp="2024-12-18T15:22:38 IST" skipped="0">
  <testcase classname="testCases.TC002_LoginTest" name="verifylogin" time="4.934"/>
</testsuite> <!-- testCases.TC002_LoginTest -->
