<?xml version="1.0" encoding="UTF-8"?>
<!-- Generated by org.testng.reporters.JUnitReportReporter -->
<testsuite hostname="ashok" failures="0" tests="6" name="testCases.TC003_LoginDDT" time="88.911" errors="0" timestamp="2024-12-18T15:22:38 IST" skipped="0">
  <testcase classname="testCases.TC003_LoginDDT" name="verifylogindata" time="21.014"/>
  <testcase classname="testCases.TC003_LoginDDT" name="verifylogindata" time="1.880"/>
  <testcase classname="testCases.TC003_LoginDDT" name="verifylogindata" time="21.351"/>
  <testcase classname="testCases.TC003_LoginDDT" name="verifylogindata" time="2.083"/>
  <testcase classname="testCases.TC003_LoginDDT" name="verifylogindata" time="21.203"/>
  <testcase classname="testCases.TC003_LoginDDT" name="verifylogindata" time="21.380"/>
</testsuite> <!-- testCases.TC003_LoginDDT -->
